<?xml version="1.0" encoding="UTF-8"?>
<robot generator="Robot 3.2.2 (Python 3.9.2 on win32)" generated="20210326 10:04:35.743" rpa="false">
<suite id="s1" name="Valid Cred" source="C:\Users\erohrup\Rohan\Work\Robot Framework\robot_workspace\OpenEMR\Login_suite\valid_cred.robot">
<test id="s1-t1" name="Valid_Credential_Test">
<kw name="Launch Browser" library="common_functionality" type="setup">
<kw name="Append To Environment Variable" library="OperatingSystem">
<doc>Appends given ``values`` to environment variable ``name``.</doc>
<arguments>
<arg>PATH</arg>
<arg>${EXECDIR}\\driver</arg>
</arguments>
<msg timestamp="20210326 10:04:36.253" level="INFO">Environment variable 'PATH' set to value 'C:\Java\jdk1.8.0_221\bin;C:\ProgramData\Oracle\Java\javapath;C:\WINDOWS\system32;C:\WINDOWS;C:\WINDOWS\System32\Wbem;C:\WINDOWS\System32\WindowsPowerShell\v1.0\;C:\WINDOWS\system32\config\systemprofile\AppData\Local\Microsoft\WindowsApps;C:\Program Files (x86)\Adaptiva\AdaptivaClient\bin\x32;C:\Program Files (x86)\Adaptiva\AdaptivaClient\bin\x64;C:\Program Files\Intel\WiFi\bin\;C:\Program Files\Common Files\Intel\WirelessCommon\;C:\Python27;C:\Installed_Software\bin;C:\WINDOWS\system32;C:\WINDOWS;C:\WINDOWS\System32\Wbem;C:\WINDOWS\System32\WindowsPowerShell\v1.0\;C:\WINDOWS\System32\OpenSSH\;C:\Installed_Software\spark-2.4.3\bin;C:\pgsql;C:\Users\erohrup\AppData\Local\Microsoft\WindowsApps;C:\Users\erohrup\AppData\Local\Programs\Microsoft VS Code\bin;C:\Users\erohrup\AppData\Local\Programs\Python\Python39;C:\Users\erohrup\AppData\Local\Programs\Python\Python39\Scripts;C:\Users\erohrup\Rohan\Work\Robot Framework\chromedriver_win32;;C:\Users\erohrup\Rohan\Work\Robot Framework\robot_workspace\OpenEMR\driver'.</msg>
<status status="PASS" starttime="20210326 10:04:36.253" endtime="20210326 10:04:36.253"></status>
</kw>
<kw name="Open Browser" library="SeleniumLibrary">
<doc>Opens a new browser instance to the optional ``url``.</doc>
<arguments>
<arg>url=https://demo.openemr.io/b/openemr/interface/login/login.php?site=default</arg>
<arg>browser=chrome</arg>
</arguments>
<msg timestamp="20210326 10:04:36.254" level="INFO">Opening browser 'chrome' to base url 'https://demo.openemr.io/b/openemr/interface/login/login.php?site=default'.</msg>
<status status="PASS" starttime="20210326 10:04:36.254" endtime="20210326 10:04:42.456"></status>
</kw>
<kw name="Maximize Browser Window" library="SeleniumLibrary">
<doc>Maximizes current browser window.</doc>
<status status="PASS" starttime="20210326 10:04:42.456" endtime="20210326 10:04:42.609"></status>
</kw>
<kw name="Set Selenium Implicit Wait" library="SeleniumLibrary">
<doc>Sets the implicit wait value used by Selenium.</doc>
<arguments>
<arg>30s</arg>
</arguments>
<status status="PASS" starttime="20210326 10:04:42.611" endtime="20210326 10:04:42.621"></status>
</kw>
<status status="PASS" starttime="20210326 10:04:36.253" endtime="20210326 10:04:42.621"></status>
</kw>
<kw name="Input Text" library="SeleniumLibrary">
<doc>Types the given ``text`` into the text field identified by ``locator``.</doc>
<arguments>
<arg>xpath=//input[@id='authUser']</arg>
<arg>admin</arg>
</arguments>
<msg timestamp="20210326 10:04:42.622" level="INFO">Typing text 'admin' into text field 'xpath=//input[@id='authUser']'.</msg>
<status status="PASS" starttime="20210326 10:04:42.622" endtime="20210326 10:04:42.870"></status>
</kw>
<kw name="Input Password" library="SeleniumLibrary">
<doc>Types the given password into the text field identified by ``locator``.</doc>
<arguments>
<arg>id=clearPass</arg>
<arg>pass</arg>
</arguments>
<msg timestamp="20210326 10:04:42.871" level="INFO">Typing password into text field 'id=clearPass'.</msg>
<msg timestamp="20210326 10:04:42.974" level="INFO">Temporally setting log level to: NONE</msg>
<msg timestamp="20210326 10:04:43.045" level="INFO">Log level changed from NONE to INFO.</msg>
<status status="PASS" starttime="20210326 10:04:42.871" endtime="20210326 10:04:43.046"></status>
</kw>
<kw name="Select From List By Label" library="SeleniumLibrary">
<doc>Selects options from selection list ``locator`` by ``labels``.</doc>
<arguments>
<arg>name=languageChoice</arg>
<arg>English (Indian)</arg>
</arguments>
<msg timestamp="20210326 10:04:43.048" level="INFO">Selecting options from selection list 'name=languageChoice' by label English (Indian).</msg>
<status status="PASS" starttime="20210326 10:04:43.047" endtime="20210326 10:04:43.179"></status>
</kw>
<kw name="Click Element" library="SeleniumLibrary">
<doc>Click the element identified by ``locator``.</doc>
<arguments>
<arg>xpath=//button[@type='submit']</arg>
</arguments>
<msg timestamp="20210326 10:04:43.180" level="INFO">Clicking element 'xpath=//button[@type='submit']'.</msg>
<status status="PASS" starttime="20210326 10:04:43.179" endtime="20210326 10:04:48.219"></status>
</kw>
<kw name="Wait Until Page Contains Element" library="SeleniumLibrary">
<doc>Waits until the element ``locator`` appears on the current page.</doc>
<arguments>
<arg>xpath=//span[@data-bind='text:fname']</arg>
<arg>timeout=30s</arg>
</arguments>
<status status="PASS" starttime="20210326 10:04:48.224" endtime="20210326 10:04:48.293"></status>
</kw>
<kw name="Page Should Contain" library="SeleniumLibrary">
<doc>Verifies that current page contains ``text``.</doc>
<arguments>
<arg>Flow Board</arg>
</arguments>
<msg timestamp="20210326 10:04:48.319" level="INFO">Current page contains text 'Flow Board'.</msg>
<status status="PASS" starttime="20210326 10:04:48.293" endtime="20210326 10:04:48.319"></status>
</kw>
<kw name="Mouse Over" library="SeleniumLibrary">
<doc>Simulates hovering the mouse over the element ``locator``.</doc>
<arguments>
<arg>//span[@data-bind='text:fname']</arg>
</arguments>
<msg timestamp="20210326 10:04:48.320" level="INFO">Simulating Mouse Over on element '//span[@data-bind='text:fname']'.</msg>
<status status="PASS" starttime="20210326 10:04:48.320" endtime="20210326 10:04:48.605"></status>
</kw>
<kw name="Click Element" library="SeleniumLibrary">
<doc>Click the element identified by ``locator``.</doc>
<arguments>
<arg>xpath=//li[text()='Logout']</arg>
</arguments>
<msg timestamp="20210326 10:04:48.606" level="INFO">Clicking element 'xpath=//li[text()='Logout']'.</msg>
<status status="PASS" starttime="20210326 10:04:48.606" endtime="20210326 10:04:48.694"></status>
</kw>
<kw name="Wait Until Page Contains Element" library="SeleniumLibrary">
<doc>Waits until the element ``locator`` appears on the current page.</doc>
<arguments>
<arg>xpath=//input[@id='authUser']</arg>
<arg>timeout=30s</arg>
</arguments>
<status status="PASS" starttime="20210326 10:04:48.696" endtime="20210326 10:04:49.679"></status>
</kw>
<kw name="Title Should Be" library="SeleniumLibrary">
<doc>Verifies that the current page title equals ``title``.</doc>
<arguments>
<arg>OpenEMR Login</arg>
</arguments>
<msg timestamp="20210326 10:04:49.689" level="INFO">Page title is 'OpenEMR Login'.</msg>
<status status="PASS" starttime="20210326 10:04:49.680" endtime="20210326 10:04:49.690"></status>
</kw>
<kw name="End Browser" library="common_functionality" type="teardown">
<kw name="Capture Page Screenshot" library="SeleniumLibrary">
<doc>Takes a screenshot of the current page and embeds it into a log file.</doc>
<msg timestamp="20210326 10:04:50.264" level="INFO" html="yes">&lt;/td&gt;&lt;/tr&gt;&lt;tr&gt;&lt;td colspan="3"&gt;&lt;a href="screenshot/selenium-screenshot-5.png"&gt;&lt;img src="screenshot/selenium-screenshot-5.png" width="800px"&gt;&lt;/a&gt;</msg>
<status status="PASS" starttime="20210326 10:04:49.691" endtime="20210326 10:04:50.264"></status>
</kw>
<kw name="Close Browser" library="SeleniumLibrary">
<doc>Closes the current browser.</doc>
<status status="PASS" starttime="20210326 10:04:50.264" endtime="20210326 10:04:54.152"></status>
</kw>
<status status="PASS" starttime="20210326 10:04:49.690" endtime="20210326 10:04:54.152"></status>
</kw>
<status status="PASS" starttime="20210326 10:04:36.252" endtime="20210326 10:04:54.153" critical="yes"></status>
</test>
<test id="s1-t2" name="Invalid_Credential_Test">
<kw name="Launch Browser" library="common_functionality" type="setup">
<kw name="Append To Environment Variable" library="OperatingSystem">
<doc>Appends given ``values`` to environment variable ``name``.</doc>
<arguments>
<arg>PATH</arg>
<arg>${EXECDIR}\\driver</arg>
</arguments>
<msg timestamp="20210326 10:04:54.155" level="INFO">Environment variable 'PATH' set to value 'C:\Java\jdk1.8.0_221\bin;C:\ProgramData\Oracle\Java\javapath;C:\WINDOWS\system32;C:\WINDOWS;C:\WINDOWS\System32\Wbem;C:\WINDOWS\System32\WindowsPowerShell\v1.0\;C:\WINDOWS\system32\config\systemprofile\AppData\Local\Microsoft\WindowsApps;C:\Program Files (x86)\Adaptiva\AdaptivaClient\bin\x32;C:\Program Files (x86)\Adaptiva\AdaptivaClient\bin\x64;C:\Program Files\Intel\WiFi\bin\;C:\Program Files\Common Files\Intel\WirelessCommon\;C:\Python27;C:\Installed_Software\bin;C:\WINDOWS\system32;C:\WINDOWS;C:\WINDOWS\System32\Wbem;C:\WINDOWS\System32\WindowsPowerShell\v1.0\;C:\WINDOWS\System32\OpenSSH\;C:\Installed_Software\spark-2.4.3\bin;C:\pgsql;C:\Users\erohrup\AppData\Local\Microsoft\WindowsApps;C:\Users\erohrup\AppData\Local\Programs\Microsoft VS Code\bin;C:\Users\erohrup\AppData\Local\Programs\Python\Python39;C:\Users\erohrup\AppData\Local\Programs\Python\Python39\Scripts;C:\Users\erohrup\Rohan\Work\Robot Framework\chromedriver_win32;;C:\Users\erohrup\Rohan\Work\Robot Framework\robot_workspace\OpenEMR\driver;C:\Users\erohrup\Rohan\Work\Robot Framework\robot_workspace\OpenEMR\driver'.</msg>
<status status="PASS" starttime="20210326 10:04:54.155" endtime="20210326 10:04:54.155"></status>
</kw>
<kw name="Open Browser" library="SeleniumLibrary">
<doc>Opens a new browser instance to the optional ``url``.</doc>
<arguments>
<arg>url=https://demo.openemr.io/b/openemr/interface/login/login.php?site=default</arg>
<arg>browser=chrome</arg>
</arguments>
<msg timestamp="20210326 10:04:54.156" level="INFO">Opening browser 'chrome' to base url 'https://demo.openemr.io/b/openemr/interface/login/login.php?site=default'.</msg>
<status status="PASS" starttime="20210326 10:04:54.156" endtime="20210326 10:04:59.908"></status>
</kw>
<kw name="Maximize Browser Window" library="SeleniumLibrary">
<doc>Maximizes current browser window.</doc>
<status status="PASS" starttime="20210326 10:04:59.909" endtime="20210326 10:05:00.135"></status>
</kw>
<kw name="Set Selenium Implicit Wait" library="SeleniumLibrary">
<doc>Sets the implicit wait value used by Selenium.</doc>
<arguments>
<arg>30s</arg>
</arguments>
<status status="PASS" starttime="20210326 10:05:00.136" endtime="20210326 10:05:00.142"></status>
</kw>
<status status="PASS" starttime="20210326 10:04:54.155" endtime="20210326 10:05:00.142"></status>
</kw>
<kw name="Input Text" library="SeleniumLibrary">
<doc>Types the given ``text`` into the text field identified by ``locator``.</doc>
<arguments>
<arg>xpath=//input[@id='authUser']</arg>
<arg>ppp</arg>
</arguments>
<msg timestamp="20210326 10:05:00.146" level="INFO">Typing text 'ppp' into text field 'xpath=//input[@id='authUser']'.</msg>
<status status="PASS" starttime="20210326 10:05:00.145" endtime="20210326 10:05:00.422"></status>
</kw>
<kw name="Input Password" library="SeleniumLibrary">
<doc>Types the given password into the text field identified by ``locator``.</doc>
<arguments>
<arg>id=clearPass</arg>
<arg>pass</arg>
</arguments>
<msg timestamp="20210326 10:05:00.425" level="INFO">Typing password into text field 'id=clearPass'.</msg>
<msg timestamp="20210326 10:05:00.547" level="INFO">Temporally setting log level to: NONE</msg>
<msg timestamp="20210326 10:05:00.629" level="INFO">Log level changed from NONE to INFO.</msg>
<status status="PASS" starttime="20210326 10:05:00.424" endtime="20210326 10:05:00.629"></status>
</kw>
<kw name="Select From List By Label" library="SeleniumLibrary">
<doc>Selects options from selection list ``locator`` by ``labels``.</doc>
<arguments>
<arg>name=languageChoice</arg>
<arg>English (Indian)</arg>
</arguments>
<msg timestamp="20210326 10:05:00.631" level="INFO">Selecting options from selection list 'name=languageChoice' by label English (Indian).</msg>
<status status="PASS" starttime="20210326 10:05:00.630" endtime="20210326 10:05:00.791"></status>
</kw>
<kw name="Click Element" library="SeleniumLibrary">
<doc>Click the element identified by ``locator``.</doc>
<arguments>
<arg>xpath=//button[@type='submit']</arg>
</arguments>
<msg timestamp="20210326 10:05:00.792" level="INFO">Clicking element 'xpath=//button[@type='submit']'.</msg>
<status status="PASS" starttime="20210326 10:05:00.791" endtime="20210326 10:05:02.661"></status>
</kw>
<kw name="Element Should Contain" library="SeleniumLibrary">
<doc>Verifies that element ``locator`` contains text ``expected``.</doc>
<arguments>
<arg>xpath=//div[contains(text(),'Invalid')]</arg>
<arg>Invalid username or password</arg>
</arguments>
<msg timestamp="20210326 10:05:02.748" level="INFO">Element 'xpath=//div[contains(text(),'Invalid')]' contains text 'Invalid username or password'.</msg>
<status status="PASS" starttime="20210326 10:05:02.675" endtime="20210326 10:05:02.748"></status>
</kw>
<kw name="End Browser" library="common_functionality" type="teardown">
<kw name="Capture Page Screenshot" library="SeleniumLibrary">
<doc>Takes a screenshot of the current page and embeds it into a log file.</doc>
<msg timestamp="20210326 10:05:03.281" level="INFO" html="yes">&lt;/td&gt;&lt;/tr&gt;&lt;tr&gt;&lt;td colspan="3"&gt;&lt;a href="screenshot/selenium-screenshot-6.png"&gt;&lt;img src="screenshot/selenium-screenshot-6.png" width="800px"&gt;&lt;/a&gt;</msg>
<status status="PASS" starttime="20210326 10:05:02.750" endtime="20210326 10:05:03.281"></status>
</kw>
<kw name="Close Browser" library="SeleniumLibrary">
<doc>Closes the current browser.</doc>
<status status="PASS" starttime="20210326 10:05:03.282" endtime="20210326 10:05:06.795"></status>
</kw>
<status status="PASS" starttime="20210326 10:05:02.749" endtime="20210326 10:05:06.795"></status>
</kw>
<status status="PASS" starttime="20210326 10:04:54.154" endtime="20210326 10:05:06.795" critical="yes"></status>
</test>
<doc>This file tests for valid credentials</doc>
<status status="PASS" starttime="20210326 10:04:35.749" endtime="20210326 10:05:06.798"></status>
</suite>
<statistics>
<total>
<stat pass="2" fail="0">Critical Tests</stat>
<stat pass="2" fail="0">All Tests</stat>
</total>
<tag>
</tag>
<suite>
<stat pass="2" fail="0" id="s1" name="Valid Cred">Valid Cred</stat>
</suite>
</statistics>
<errors>
</errors>
</robot>
